source /etc/profile.d/modules.sh
Loading HISAT2 & Samtools 1.9
======================================================================================
SLURM_CHECKPOINT_IMAGE_DIR=/var/slurm/checkpoint
SLURM_NODELIST=lx08
SLURM_JOB_NAME=HISAT2_hybrid_alignment
MANPATH=/cta/apps/opt/spack/linux-ubuntu16.04-ivybridge/gcc-9.2.0/samtools-1.9-jt3wqevyys7j23kbd5hhw6wyqy7husvi/share/man:/cta/apps/opt/spack/linux-ubuntu16.04-ivybridge/gcc-9.2.0/bzip2-1.0.8-htanaf6lwllsbmyp5blqrw4p7oumoeqd/man:/cta/apps/opt/spack/linux-ubuntu16.04-ivybridge/gcc-9.2.0/htslib-1.9-63u3uewd7gbbs5tyzsnw5hzjib2dja2v/share/man:/cta/apps/opt/spack/linux-ubuntu16.04-ivybridge/gcc-9.2.0/xz-5.2.4-34oyu4x6dzjhputuhgiy5dvx2ngrxusl/share/man:/cta/apps/opt/spack/linux-ubuntu16.04-ivybridge/gcc-9.2.0/zlib-1.2.11-dduf4e5ed6sfqrgo2rkshdzqeojlywvg/share/man:/usr/share/lmod/lmod/share/man::
XDG_SESSION_ID=75963
_ModuleTable003_=LjEuMC1nY2MtNy4yLjAtYnJhZHdqNiIsWyJsb2FkT3JkZXIiXT0xLHByb3BUPXt9LFsic2hvcnQiXT0iaGlzYXQyLTIuMS4wLWdjYy03LjIuMC1icmFkd2o2IixbInN0YXR1cyJdPSJhY3RpdmUiLH0sWyJodHNsaWItMS45LWdjYy05LjIuMC02M3UzdWV3Il09e1siRk4iXT0iL2N0YS9hcHBzL3NoYXJlL3NwYWNrL21vZHVsZXMvbGludXgtdWJ1bnR1MTYuMDQtaXZ5YnJpZGdlL2h0c2xpYi0xLjktZ2NjLTkuMi4wLTYzdTN1ZXciLFsiZGVmYXVsdCJdPTAsWyJmdWxsTmFtZSJdPSJodHNsaWItMS45LWdjYy05LjIuMC02M3UzdWV3IixbImxvYWRPcmRlciJdPTQscHJvcFQ9e30sWyJzaG9ydCJdPSJodHNsaWItMS45LWdjYy05LjIuMC02M3UzdWV3IixbInN0YXR1cyJdPSJhY3Rp
SLURMD_NODENAME=lx08
SLURM_TOPOLOGY_ADDR=lx08
HOSTNAME=lx08
SLURM_NTASKS_PER_NODE=20
SLURM_PRIO_PROCESS=0
SLURM_NODE_ALIASES=(null)
SHELL=/bin/bash
TERM=xterm
SLURM_JOB_QOS=mid
LMOD_DEFAULT_MODULEPATH=/cta/apps/share/spack/modules/linux-ubuntu16.04-x86_64:/cta/apps/share/spack/modules/linux-ubuntu16.04-ivybridge:/usr/modulefiles/Linux:/usr/modulefiles/Core:/usr/share/lmod/lmod/modulefiles/Core
TMPDIR=/tmp
SLURM_TOPOLOGY_ADDR_PATTERN=node
SSH_CLIENT=10.50.120.74 60405 22
MODULEPATH_ROOT=/usr/modulefiles
LIBRARY_PATH=/cta/apps/opt/spack/linux-ubuntu16.04-ivybridge/gcc-9.2.0/samtools-1.9-jt3wqevyys7j23kbd5hhw6wyqy7husvi/lib:/cta/apps/opt/spack/linux-ubuntu16.04-ivybridge/gcc-9.2.0/ncurses-6.1-6mg5k75pxa2xpge34s4wgj7d52r4dkva/lib:/cta/apps/opt/spack/linux-ubuntu16.04-ivybridge/gcc-9.2.0/bzip2-1.0.8-htanaf6lwllsbmyp5blqrw4p7oumoeqd/lib:/cta/apps/opt/spack/linux-ubuntu16.04-ivybridge/gcc-9.2.0/htslib-1.9-63u3uewd7gbbs5tyzsnw5hzjib2dja2v/lib:/cta/apps/opt/spack/linux-ubuntu16.04-ivybridge/gcc-9.2.0/xz-5.2.4-34oyu4x6dzjhputuhgiy5dvx2ngrxusl/lib:/cta/apps/opt/spack/linux-ubuntu16.04-ivybridge/gcc-9.2.0/zlib-1.2.11-dduf4e5ed6sfqrgo2rkshdzqeojlywvg/lib
LMOD_PKG=/usr/share/lmod/lmod
SSH_TTY=/dev/pts/4
_ModuleTable007_=L2xpbnV4LXVidW50dTE2LjA0LXg4Nl82NCIsIi9jdGEvYXBwcy9zaGFyZS9zcGFjay9tb2R1bGVzL2xpbnV4LXVidW50dTE2LjA0LWl2eWJyaWRnZSIsIi91c3IvbW9kdWxlZmlsZXMvTGludXgiLCIvdXNyL21vZHVsZWZpbGVzL0NvcmUiLCIvdXNyL3NoYXJlL2xtb2QvbG1vZC9tb2R1bGVmaWxlcy9Db3JlIix9LFsic3lzdGVtQmFzZU1QQVRIIl09Ii9jdGEvYXBwcy9zaGFyZS9zcGFjay9tb2R1bGVzL2xpbnV4LXVidW50dTE2LjA0LXg4Nl82NDovY3RhL2FwcHMvc2hhcmUvc3BhY2svbW9kdWxlcy9saW51eC11YnVudHUxNi4wNC1pdnlicmlkZ2U6L3Vzci9tb2R1bGVmaWxlcy9MaW51eDovdXNyL21vZHVsZWZpbGVzL0NvcmU6L3Vzci9zaGFyZS9sbW9kL2xtb2QvbW9kdWxl
SLURM_MEM_PER_CPU=12500
SLURM_NNODES=1
USER=hhakanoglu
LMOD_sys=Linux
LD_LIBRARY_PATH=/cta/apps/opt/spack/linux-ubuntu16.04-ivybridge/gcc-9.2.0/samtools-1.9-jt3wqevyys7j23kbd5hhw6wyqy7husvi/lib:/cta/apps/opt/spack/linux-ubuntu16.04-ivybridge/gcc-9.2.0/ncurses-6.1-6mg5k75pxa2xpge34s4wgj7d52r4dkva/lib:/cta/apps/opt/spack/linux-ubuntu16.04-ivybridge/gcc-9.2.0/bzip2-1.0.8-htanaf6lwllsbmyp5blqrw4p7oumoeqd/lib:/cta/apps/opt/spack/linux-ubuntu16.04-ivybridge/gcc-9.2.0/htslib-1.9-63u3uewd7gbbs5tyzsnw5hzjib2dja2v/lib:/cta/apps/opt/spack/linux-ubuntu16.04-ivybridge/gcc-9.2.0/xz-5.2.4-34oyu4x6dzjhputuhgiy5dvx2ngrxusl/lib:/cta/apps/opt/spack/linux-ubuntu16.04-ivybridge/gcc-9.2.0/zlib-1.2.11-dduf4e5ed6sfqrgo2rkshdzqeojlywvg/lib:/tmp/root/spack-stage/spack-stage-cGSuOr/ncbi_cxx--21_0_0/local/ncbi-vdb-2.8.2/lib64::
_ModuleTable004_=dmUiLH0sWyJuY3Vyc2VzLTYuMS1nY2MtOS4yLjAtNm1nNWs3NSJdPXtbIkZOIl09Ii9jdGEvYXBwcy9zaGFyZS9zcGFjay9tb2R1bGVzL2xpbnV4LXVidW50dTE2LjA0LXg4Nl82NC9uY3Vyc2VzLTYuMS1nY2MtOS4yLjAtNm1nNWs3NSIsWyJkZWZhdWx0Il09MCxbImZ1bGxOYW1lIl09Im5jdXJzZXMtNi4xLWdjYy05LjIuMC02bWc1azc1IixbImxvYWRPcmRlciJdPTYscHJvcFQ9e30sWyJzaG9ydCJdPSJuY3Vyc2VzLTYuMS1nY2MtOS4yLjAtNm1nNWs3NSIsWyJzdGF0dXMiXT0iYWN0aXZlIix9LFsic2FtdG9vbHMtMS45LWdjYy05LjIuMC1qdDN3cWV2Il09e1siRk4iXT0iL2N0YS9hcHBzL3NoYXJlL3NwYWNrL21vZHVsZXMvbGludXgtdWJ1bnR1MTYuMDQtaXZ5YnJpZGdl
CPATH=/cta/apps/opt/spack/linux-ubuntu16.04-ivybridge/gcc-9.2.0/samtools-1.9-jt3wqevyys7j23kbd5hhw6wyqy7husvi/include:/cta/apps/opt/spack/linux-ubuntu16.04-ivybridge/gcc-9.2.0/ncurses-6.1-6mg5k75pxa2xpge34s4wgj7d52r4dkva/include:/cta/apps/opt/spack/linux-ubuntu16.04-ivybridge/gcc-9.2.0/bzip2-1.0.8-htanaf6lwllsbmyp5blqrw4p7oumoeqd/include:/cta/apps/opt/spack/linux-ubuntu16.04-ivybridge/gcc-9.2.0/htslib-1.9-63u3uewd7gbbs5tyzsnw5hzjib2dja2v/include:/cta/apps/opt/spack/linux-ubuntu16.04-ivybridge/gcc-9.2.0/xz-5.2.4-34oyu4x6dzjhputuhgiy5dvx2ngrxusl/include:/cta/apps/opt/spack/linux-ubuntu16.04-ivybridge/gcc-9.2.0/zlib-1.2.11-dduf4e5ed6sfqrgo2rkshdzqeojlywvg/include
SLURM_JOBID=483510
SLURM_NTASKS=20
LMOD_IGNORE_CACHE=1
LMOD_PREPEND_BLOCK=normal
_ModuleTable001_=X01vZHVsZVRhYmxlXz17WyJhY3RpdmVTaXplIl09NyxiYXNlTXBhdGhBPXsiL2N0YS9hcHBzL3NoYXJlL3NwYWNrL21vZHVsZXMvbGludXgtdWJ1bnR1MTYuMDQteDg2XzY0IiwiL2N0YS9hcHBzL3NoYXJlL3NwYWNrL21vZHVsZXMvbGludXgtdWJ1bnR1MTYuMDQtaXZ5YnJpZGdlIiwiL3Vzci9tb2R1bGVmaWxlcy9MaW51eCIsIi91c3IvbW9kdWxlZmlsZXMvQ29yZSIsIi91c3Ivc2hhcmUvbG1vZC9sbW9kL21vZHVsZWZpbGVzL0NvcmUiLH0sWyJjX3JlYnVpbGRUaW1lIl09ZmFsc2UsWyJjX3Nob3J0VGltZSJdPWZhbHNlLGZhbWlseT17fSxpbmFjdGl2ZT17fSxtVD17WyJiemlwMi0xLjAuOC1nY2MtOS4yLjAtaHRhbmFmNiJdPXtbIkZOIl09Ii9jdGEvYXBwcy9zaGFyZS9z
SLURM_TASKS_PER_NODE=20
PATH=/cta/apps/opt/spack/linux-ubuntu16.04-ivybridge/gcc-9.2.0/samtools-1.9-jt3wqevyys7j23kbd5hhw6wyqy7husvi/bin:/cta/apps/opt/spack/linux-ubuntu16.04-ivybridge/gcc-9.2.0/ncurses-6.1-6mg5k75pxa2xpge34s4wgj7d52r4dkva/bin:/cta/apps/opt/spack/linux-ubuntu16.04-ivybridge/gcc-9.2.0/bzip2-1.0.8-htanaf6lwllsbmyp5blqrw4p7oumoeqd/bin:/cta/apps/opt/spack/linux-ubuntu16.04-ivybridge/gcc-9.2.0/htslib-1.9-63u3uewd7gbbs5tyzsnw5hzjib2dja2v/bin:/cta/apps/opt/spack/linux-ubuntu16.04-ivybridge/gcc-9.2.0/xz-5.2.4-34oyu4x6dzjhputuhgiy5dvx2ngrxusl/bin:/cta/apps/opt/spack/linux-ubuntu16.04-x86_64/gcc-7.2.0/hisat2-2.1.0-bradwj6td5r6chzooylumjyf5c75fq2p:/cta/apps/opt/spack/linux-ubuntu16.04-x86_64/gcc-7.2.0/hisat2-2.1.0-bradwj6td5r6chzooylumjyf5c75fq2p/bin:/usr/local/sbin:/usr/local/bin:/usr/sbin:/usr/bin:/sbin:/bin:/usr/games:/usr/local/games:/snap/bin:/cta/apps/scripts
MAIL=/var/mail/hhakanoglu
SLURM_JOB_ID=483510
LMOD_SETTARG_CMD=:
SLURM_JOB_USER=hhakanoglu
PWD=/cta/users/hhakanoglu/amel_rnaseq_1001/raw_reads
_LMFILES_=/cta/apps/share/spack/modules/linux-ubuntu16.04-x86_64/hisat2-2.1.0-gcc-7.2.0-bradwj6:/cta/apps/share/spack/modules/linux-ubuntu16.04-x86_64/zlib-1.2.11-gcc-9.2.0-dduf4e5:/cta/apps/share/spack/modules/linux-ubuntu16.04-ivybridge/xz-5.2.4-gcc-9.2.0-34oyu4x:/cta/apps/share/spack/modules/linux-ubuntu16.04-ivybridge/htslib-1.9-gcc-9.2.0-63u3uew:/cta/apps/share/spack/modules/linux-ubuntu16.04-x86_64/bzip2-1.0.8-gcc-9.2.0-htanaf6:/cta/apps/share/spack/modules/linux-ubuntu16.04-x86_64/ncurses-6.1-gcc-9.2.0-6mg5k75:/cta/apps/share/spack/modules/linux-ubuntu16.04-ivybridge/samtools-1.9-gcc-9.2.0-jt3wqev
CUDA_VISIBLE_DEVICES=NoDevFiles
LANG=en_US.UTF-8
MODULEPATH=/cta/apps/share/spack/modules/linux-ubuntu16.04-x86_64:/cta/apps/share/spack/modules/linux-ubuntu16.04-ivybridge:/usr/modulefiles/Linux:/usr/modulefiles/Core:/usr/share/lmod/lmod/modulefiles/Core
_ModuleTable_Sz_=8
LOADEDMODULES=hisat2-2.1.0-gcc-7.2.0-bradwj6:zlib-1.2.11-gcc-9.2.0-dduf4e5:xz-5.2.4-gcc-9.2.0-34oyu4x:htslib-1.9-gcc-9.2.0-63u3uew:bzip2-1.0.8-gcc-9.2.0-htanaf6:ncurses-6.1-gcc-9.2.0-6mg5k75:samtools-1.9-gcc-9.2.0-jt3wqev
SLURM_JOB_UID=1000196
SLURM_NODEID=0
SLURM_SUBMIT_DIR=/cta/users/hhakanoglu/amel_rnaseq_1001/raw_reads
_ModuleTable005_=L3NhbXRvb2xzLTEuOS1nY2MtOS4yLjAtanQzd3FldiIsWyJkZWZhdWx0Il09MCxbImZ1bGxOYW1lIl09InNhbXRvb2xzLTEuOS1nY2MtOS4yLjAtanQzd3FldiIsWyJsb2FkT3JkZXIiXT03LHByb3BUPXt9LFsic2hvcnQiXT0ic2FtdG9vbHMtMS45LWdjYy05LjIuMC1qdDN3cWV2IixbInN0YXR1cyJdPSJhY3RpdmUiLH0sWyJ4ei01LjIuNC1nY2MtOS4yLjAtMzRveXU0eCJdPXtbIkZOIl09Ii9jdGEvYXBwcy9zaGFyZS9zcGFjay9tb2R1bGVzL2xpbnV4LXVidW50dTE2LjA0LWl2eWJyaWRnZS94ei01LjIuNC1nY2MtOS4yLjAtMzRveXU0eCIsWyJkZWZhdWx0Il09MCxbImZ1bGxOYW1lIl09Inh6LTUuMi40LWdjYy05LjIuMC0zNG95dTR4IixbImxvYWRPcmRlciJdPTMscHJv
SLURM_TASK_PID=10596
SLURM_NPROCS=20
LMOD_CMD=/usr/share/lmod/lmod/libexec/lmod
SLURM_CPUS_ON_NODE=20
SLURM_PROCID=0
ENVIRONMENT=BATCH
SLURM_JOB_NODELIST=lx08
HOME=/cta/users/hhakanoglu
SHLVL=2
SLURM_LOCALID=0
_ModuleTable002_=cGFjay9tb2R1bGVzL2xpbnV4LXVidW50dTE2LjA0LXg4Nl82NC9iemlwMi0xLjAuOC1nY2MtOS4yLjAtaHRhbmFmNiIsWyJkZWZhdWx0Il09MCxbImZ1bGxOYW1lIl09ImJ6aXAyLTEuMC44LWdjYy05LjIuMC1odGFuYWY2IixbImxvYWRPcmRlciJdPTUscHJvcFQ9e30sWyJzaG9ydCJdPSJiemlwMi0xLjAuOC1nY2MtOS4yLjAtaHRhbmFmNiIsWyJzdGF0dXMiXT0iYWN0aXZlIix9LFsiaGlzYXQyLTIuMS4wLWdjYy03LjIuMC1icmFkd2o2Il09e1siRk4iXT0iL2N0YS9hcHBzL3NoYXJlL3NwYWNrL21vZHVsZXMvbGludXgtdWJ1bnR1MTYuMDQteDg2XzY0L2hpc2F0Mi0yLjEuMC1nY2MtNy4yLjAtYnJhZHdqNiIsWyJkZWZhdWx0Il09MCxbImZ1bGxOYW1lIl09Imhpc2F0Mi0y
SLURM_JOB_CPUS_PER_NODE=20
SLURM_CLUSTER_NAME=sabanci
SLURM_GTIDS=0
SLURM_SUBMIT_HOST=login.hpc.sabanciuniv.edu
_ModuleTable008_=ZmlsZXMvQ29yZSIsWyJ2ZXJzaW9uIl09Mix9
SLURM_JOB_PARTITION=mid
BASH_ENV=/usr/share/lmod/lmod/init/bash
LOGNAME=hhakanoglu
LMOD_arch=x86_64
MODULEPATH_CTA1=/cta/apps/share/spack/modules/linux-ubuntu16.04-ivybridge
GPU_DEVICE_ORDINAL=NoDevFiles
SLURM_JOB_ACCOUNT=users
SSH_CONNECTION=10.50.120.74 60405 10.39.60.250 22
XDG_DATA_DIRS=/usr/local/share:/usr/share:/var/lib/snapd/desktop
SLURM_JOB_NUM_NODES=1
MODULEPATH_CTA=/cta/apps/share/spack/modules/linux-ubuntu16.04-x86_64
MODULESHOME=/usr/share/lmod/lmod
PKG_CONFIG_PATH=/cta/apps/opt/spack/linux-ubuntu16.04-ivybridge/gcc-9.2.0/ncurses-6.1-6mg5k75pxa2xpge34s4wgj7d52r4dkva/lib/pkgconfig:/cta/apps/opt/spack/linux-ubuntu16.04-ivybridge/gcc-9.2.0/htslib-1.9-63u3uewd7gbbs5tyzsnw5hzjib2dja2v/lib/pkgconfig:/cta/apps/opt/spack/linux-ubuntu16.04-ivybridge/gcc-9.2.0/xz-5.2.4-34oyu4x6dzjhputuhgiy5dvx2ngrxusl/lib/pkgconfig:/cta/apps/opt/spack/linux-ubuntu16.04-ivybridge/gcc-9.2.0/zlib-1.2.11-dduf4e5ed6sfqrgo2rkshdzqeojlywvg/lib/pkgconfig
LMOD_FULL_SETTARG_SUPPORT=no
CMAKE_PREFIX_PATH=/cta/apps/opt/spack/linux-ubuntu16.04-ivybridge/gcc-9.2.0/samtools-1.9-jt3wqevyys7j23kbd5hhw6wyqy7husvi:/cta/apps/opt/spack/linux-ubuntu16.04-ivybridge/gcc-9.2.0/ncurses-6.1-6mg5k75pxa2xpge34s4wgj7d52r4dkva:/cta/apps/opt/spack/linux-ubuntu16.04-ivybridge/gcc-9.2.0/bzip2-1.0.8-htanaf6lwllsbmyp5blqrw4p7oumoeqd:/cta/apps/opt/spack/linux-ubuntu16.04-ivybridge/gcc-9.2.0/htslib-1.9-63u3uewd7gbbs5tyzsnw5hzjib2dja2v:/cta/apps/opt/spack/linux-ubuntu16.04-ivybridge/gcc-9.2.0/xz-5.2.4-34oyu4x6dzjhputuhgiy5dvx2ngrxusl:/cta/apps/opt/spack/linux-ubuntu16.04-ivybridge/gcc-9.2.0/zlib-1.2.11-dduf4e5ed6sfqrgo2rkshdzqeojlywvg:/cta/apps/opt/spack/linux-ubuntu16.04-x86_64/gcc-7.2.0/hisat2-2.1.0-bradwj6td5r6chzooylumjyf5c75fq2p
DISPLAY=localhost:10.0
XDG_RUNTIME_DIR=/run/user/1000196
_ModuleTable006_=cFQ9e30sWyJzaG9ydCJdPSJ4ei01LjIuNC1nY2MtOS4yLjAtMzRveXU0eCIsWyJzdGF0dXMiXT0iYWN0aXZlIix9LFsiemxpYi0xLjIuMTEtZ2NjLTkuMi4wLWRkdWY0ZTUiXT17WyJGTiJdPSIvY3RhL2FwcHMvc2hhcmUvc3BhY2svbW9kdWxlcy9saW51eC11YnVudHUxNi4wNC14ODZfNjQvemxpYi0xLjIuMTEtZ2NjLTkuMi4wLWRkdWY0ZTUiLFsiZGVmYXVsdCJdPTAsWyJmdWxsTmFtZSJdPSJ6bGliLTEuMi4xMS1nY2MtOS4yLjAtZGR1ZjRlNSIsWyJsb2FkT3JkZXIiXT0yLHByb3BUPXt9LFsic2hvcnQiXT0iemxpYi0xLjIuMTEtZ2NjLTkuMi4wLWRkdWY0ZTUiLFsic3RhdHVzIl09ImFjdGl2ZSIsfSx9LG1wYXRoQT17Ii9jdGEvYXBwcy9zaGFyZS9zcGFjay9tb2R1bGVz
LMOD_DIR=/usr/share/lmod/lmod/libexec
LMOD_COLORIZE=yes
BASH_FUNC_module%%=() {  eval $($LMOD_CMD bash "$@");
 [ $? = 0 ] && eval $(${LMOD_SETTARG_CMD:-:} -s sh)
}
_=/usr/bin/env
======================================================================================

======================================================================================
Setting stack size to unlimited...
core file size          (blocks, -c) 0
data seg size           (kbytes, -d) unlimited
scheduling priority             (-e) 0
file size               (blocks, -f) unlimited
pending signals                 (-i) 1031486
max locked memory       (kbytes, -l) unlimited
max memory size         (kbytes, -m) 256000000
open files                      (-n) 1024
pipe size            (512 bytes, -p) 8
POSIX message queues     (bytes, -q) 819200
real-time priority              (-r) 0
stack size              (kbytes, -s) unlimited
cpu time               (seconds, -t) unlimited
max user processes              (-u) 1031486
virtual memory          (kbytes, -v) unlimited
file locks                      (-x) unlimited

======================================================================================
Aligning reads to the indexed genome using HISAT2 and generating sorted BAM files using Samtools...
amelRNA_1_1.trimmed.fq.gz
amelRNA_1_2.trimmed.fq.gz
===============================================================================
Time loading forward index: 00:00:01
Time loading reference: 00:00:00
Multiseed full-index search: 00:07:20
29620775 reads; of these:
  29620775 (100.00%) were paired; of these:
    3045995 (10.28%) aligned concordantly 0 times
    26049478 (87.94%) aligned concordantly exactly 1 time
    525302 (1.77%) aligned concordantly >1 times
    ----
    3045995 pairs aligned concordantly 0 times; of these:
      225090 (7.39%) aligned discordantly 1 time
    ----
    2820905 pairs aligned 0 times concordantly or discordantly; of these:
      5641810 mates make up the pairs; of these:
        3804821 (67.44%) aligned 0 times
        1780566 (31.56%) aligned exactly 1 time
        56423 (1.00%) aligned >1 times
93.58% overall alignment rate
Time searching: 00:07:20
Overall time: 00:07:21
[bam_sort_core] merging from 20 files and 20 in-memory blocks...

HISAT2 finished alignment. Return code is 0
-------------------------------------------
HISAT2 finished alignment. Sorted BAM files can be found in:
/cta/users/hhakanoglu/amel_rnaseq_1001/bam/amelRNA_1_hybrid.bam
===============================================================================
Aligning reads to the indexed genome using HISAT2 and generating sorted BAM files using Samtools...
amelRNA_2_1.trimmed.fq.gz
amelRNA_2_2.trimmed.fq.gz
===============================================================================
Time loading forward index: 00:00:00
Time loading reference: 00:00:00
Multiseed full-index search: 00:08:18
30911037 reads; of these:
  30911037 (100.00%) were paired; of these:
    2991604 (9.68%) aligned concordantly 0 times
    27239267 (88.12%) aligned concordantly exactly 1 time
    680166 (2.20%) aligned concordantly >1 times
    ----
    2991604 pairs aligned concordantly 0 times; of these:
      274388 (9.17%) aligned discordantly 1 time
    ----
    2717216 pairs aligned 0 times concordantly or discordantly; of these:
      5434432 mates make up the pairs; of these:
        3568975 (65.67%) aligned 0 times
        1792804 (32.99%) aligned exactly 1 time
        72653 (1.34%) aligned >1 times
94.23% overall alignment rate
Time searching: 00:08:18
Overall time: 00:08:18
[bam_sort_core] merging from 20 files and 20 in-memory blocks...

HISAT2 finished alignment. Return code is 0
-------------------------------------------
HISAT2 finished alignment. Sorted BAM files can be found in:
/cta/users/hhakanoglu/amel_rnaseq_1001/bam/amelRNA_2_hybrid.bam
===============================================================================
Aligning reads to the indexed genome using HISAT2 and generating sorted BAM files using Samtools...
amelRNA_3_1.trimmed.fq.gz
amelRNA_3_2.trimmed.fq.gz
===============================================================================
Time loading forward index: 00:00:00
Time loading reference: 00:00:00
Multiseed full-index search: 00:08:25
31395825 reads; of these:
  31395825 (100.00%) were paired; of these:
    2851896 (9.08%) aligned concordantly 0 times
    27971795 (89.09%) aligned concordantly exactly 1 time
    572134 (1.82%) aligned concordantly >1 times
    ----
    2851896 pairs aligned concordantly 0 times; of these:
      272897 (9.57%) aligned discordantly 1 time
    ----
    2578999 pairs aligned 0 times concordantly or discordantly; of these:
      5157998 mates make up the pairs; of these:
        3469966 (67.27%) aligned 0 times
        1602742 (31.07%) aligned exactly 1 time
        85290 (1.65%) aligned >1 times
94.47% overall alignment rate
Time searching: 00:08:25
Overall time: 00:08:25
[bam_sort_core] merging from 20 files and 20 in-memory blocks...

HISAT2 finished alignment. Return code is 0
-------------------------------------------
HISAT2 finished alignment. Sorted BAM files can be found in:
/cta/users/hhakanoglu/amel_rnaseq_1001/bam/amelRNA_3_hybrid.bam
===============================================================================
Aligning reads to the indexed genome using HISAT2 and generating sorted BAM files using Samtools...
amelRNA_4_1.trimmed.fq.gz
amelRNA_4_2.trimmed.fq.gz
===============================================================================
Time loading forward index: 00:00:00
Time loading reference: 00:00:00
Multiseed full-index search: 00:08:04
32112536 reads; of these:
  32112536 (100.00%) were paired; of these:
    3146243 (9.80%) aligned concordantly 0 times
    28430984 (88.54%) aligned concordantly exactly 1 time
    535309 (1.67%) aligned concordantly >1 times
    ----
    3146243 pairs aligned concordantly 0 times; of these:
      228136 (7.25%) aligned discordantly 1 time
    ----
    2918107 pairs aligned 0 times concordantly or discordantly; of these:
      5836214 mates make up the pairs; of these:
        3828537 (65.60%) aligned 0 times
        1931165 (33.09%) aligned exactly 1 time
        76512 (1.31%) aligned >1 times
94.04% overall alignment rate
Time searching: 00:08:04
Overall time: 00:08:04
[bam_sort_core] merging from 20 files and 20 in-memory blocks...

HISAT2 finished alignment. Return code is 0
-------------------------------------------
HISAT2 finished alignment. Sorted BAM files can be found in:
/cta/users/hhakanoglu/amel_rnaseq_1001/bam/amelRNA_4_hybrid.bam
===============================================================================
Aligning reads to the indexed genome using HISAT2 and generating sorted BAM files using Samtools...
amelRNA_5_1.trimmed.fq.gz
amelRNA_5_2.trimmed.fq.gz
===============================================================================
Time loading forward index: 00:00:00
Time loading reference: 00:00:00
Multiseed full-index search: 00:08:12
32081947 reads; of these:
  32081947 (100.00%) were paired; of these:
    3076652 (9.59%) aligned concordantly 0 times
    28367725 (88.42%) aligned concordantly exactly 1 time
    637570 (1.99%) aligned concordantly >1 times
    ----
    3076652 pairs aligned concordantly 0 times; of these:
      279069 (9.07%) aligned discordantly 1 time
    ----
    2797583 pairs aligned 0 times concordantly or discordantly; of these:
      5595166 mates make up the pairs; of these:
        3654962 (65.32%) aligned 0 times
        1874079 (33.49%) aligned exactly 1 time
        66125 (1.18%) aligned >1 times
94.30% overall alignment rate
Time searching: 00:08:12
Overall time: 00:08:12
[bam_sort_core] merging from 20 files and 20 in-memory blocks...

HISAT2 finished alignment. Return code is 0
-------------------------------------------
HISAT2 finished alignment. Sorted BAM files can be found in:
/cta/users/hhakanoglu/amel_rnaseq_1001/bam/amelRNA_5_hybrid.bam
===============================================================================
Aligning reads to the indexed genome using HISAT2 and generating sorted BAM files using Samtools...
amelRNA_6_1.trimmed.fq.gz
amelRNA_6_2.trimmed.fq.gz
===============================================================================
Time loading forward index: 00:00:00
Time loading reference: 00:00:01
Multiseed full-index search: 00:07:58
31950608 reads; of these:
  31950608 (100.00%) were paired; of these:
    2902726 (9.09%) aligned concordantly 0 times
    28587787 (89.47%) aligned concordantly exactly 1 time
    460095 (1.44%) aligned concordantly >1 times
    ----
    2902726 pairs aligned concordantly 0 times; of these:
      276220 (9.52%) aligned discordantly 1 time
    ----
    2626506 pairs aligned 0 times concordantly or discordantly; of these:
      5253012 mates make up the pairs; of these:
        3462054 (65.91%) aligned 0 times
        1735708 (33.04%) aligned exactly 1 time
        55250 (1.05%) aligned >1 times
94.58% overall alignment rate
Time searching: 00:07:59
Overall time: 00:07:59
[bam_sort_core] merging from 20 files and 20 in-memory blocks...

HISAT2 finished alignment. Return code is 0
-------------------------------------------
HISAT2 finished alignment. Sorted BAM files can be found in:
/cta/users/hhakanoglu/amel_rnaseq_1001/bam/amelRNA_6_hybrid.bam
===============================================================================
Aligning reads to the indexed genome using HISAT2 and generating sorted BAM files using Samtools...
amelRNA_7_1.trimmed.fq.gz
amelRNA_7_2.trimmed.fq.gz
===============================================================================
Time loading forward index: 00:00:00
Time loading reference: 00:00:00
Multiseed full-index search: 00:07:44
30718531 reads; of these:
  30718531 (100.00%) were paired; of these:
    3196142 (10.40%) aligned concordantly 0 times
    27126080 (88.31%) aligned concordantly exactly 1 time
    396309 (1.29%) aligned concordantly >1 times
    ----
    3196142 pairs aligned concordantly 0 times; of these:
      395726 (12.38%) aligned discordantly 1 time
    ----
    2800416 pairs aligned 0 times concordantly or discordantly; of these:
      5600832 mates make up the pairs; of these:
        3744691 (66.86%) aligned 0 times
        1788322 (31.93%) aligned exactly 1 time
        67819 (1.21%) aligned >1 times
93.90% overall alignment rate
Time searching: 00:07:44
Overall time: 00:07:44
[bam_sort_core] merging from 20 files and 20 in-memory blocks...

HISAT2 finished alignment. Return code is 0
-------------------------------------------
HISAT2 finished alignment. Sorted BAM files can be found in:
/cta/users/hhakanoglu/amel_rnaseq_1001/bam/amelRNA_7_hybrid.bam
===============================================================================
Aligning reads to the indexed genome using HISAT2 and generating sorted BAM files using Samtools...
amelRNA_8_1.trimmed.fq.gz
amelRNA_8_2.trimmed.fq.gz
===============================================================================
Time loading forward index: 00:00:00
Time loading reference: 00:00:00
Multiseed full-index search: 00:07:32
30008714 reads; of these:
  30008714 (100.00%) were paired; of these:
    2863860 (9.54%) aligned concordantly 0 times
    26617522 (88.70%) aligned concordantly exactly 1 time
    527332 (1.76%) aligned concordantly >1 times
    ----
    2863860 pairs aligned concordantly 0 times; of these:
      265331 (9.26%) aligned discordantly 1 time
    ----
    2598529 pairs aligned 0 times concordantly or discordantly; of these:
      5197058 mates make up the pairs; of these:
        3402236 (65.46%) aligned 0 times
        1751189 (33.70%) aligned exactly 1 time
        43633 (0.84%) aligned >1 times
94.33% overall alignment rate
Time searching: 00:07:32
Overall time: 00:07:32
[bam_sort_core] merging from 20 files and 20 in-memory blocks...

HISAT2 finished alignment. Return code is 0
-------------------------------------------
HISAT2 finished alignment. Sorted BAM files can be found in:
/cta/users/hhakanoglu/amel_rnaseq_1001/bam/amelRNA_8_hybrid.bam
===============================================================================
Aligning reads to the indexed genome using HISAT2 and generating sorted BAM files using Samtools...
amelRNA_9_1.trimmed.fq.gz
amelRNA_9_2.trimmed.fq.gz
===============================================================================
Time loading forward index: 00:00:00
Time loading reference: 00:00:00
Multiseed full-index search: 00:07:42
30743620 reads; of these:
  30743620 (100.00%) were paired; of these:
    2953514 (9.61%) aligned concordantly 0 times
    27284363 (88.75%) aligned concordantly exactly 1 time
    505743 (1.65%) aligned concordantly >1 times
    ----
    2953514 pairs aligned concordantly 0 times; of these:
      323062 (10.94%) aligned discordantly 1 time
    ----
    2630452 pairs aligned 0 times concordantly or discordantly; of these:
      5260904 mates make up the pairs; of these:
        3537301 (67.24%) aligned 0 times
        1675953 (31.86%) aligned exactly 1 time
        47650 (0.91%) aligned >1 times
94.25% overall alignment rate
Time searching: 00:07:42
Overall time: 00:07:42
[bam_sort_core] merging from 20 files and 20 in-memory blocks...

HISAT2 finished alignment. Return code is 0
-------------------------------------------
HISAT2 finished alignment. Sorted BAM files can be found in:
/cta/users/hhakanoglu/amel_rnaseq_1001/bam/amelRNA_9_hybrid.bam
===============================================================================
Aligning reads to the indexed genome using HISAT2 and generating sorted BAM files using Samtools...
amelRNA_10_1.trimmed.fq.gz
amelRNA_10_2.trimmed.fq.gz
===============================================================================
Time loading forward index: 00:00:00
Time loading reference: 00:00:00
Multiseed full-index search: 00:08:00
31864855 reads; of these:
  31864855 (100.00%) were paired; of these:
    3886547 (12.20%) aligned concordantly 0 times
    27449748 (86.14%) aligned concordantly exactly 1 time
    528560 (1.66%) aligned concordantly >1 times
    ----
    3886547 pairs aligned concordantly 0 times; of these:
      248791 (6.40%) aligned discordantly 1 time
    ----
    3637756 pairs aligned 0 times concordantly or discordantly; of these:
      7275512 mates make up the pairs; of these:
        5074093 (69.74%) aligned 0 times
        2134107 (29.33%) aligned exactly 1 time
        67312 (0.93%) aligned >1 times
92.04% overall alignment rate
Time searching: 00:08:00
Overall time: 00:08:00
[bam_sort_core] merging from 20 files and 20 in-memory blocks...

HISAT2 finished alignment. Return code is 0
-------------------------------------------
HISAT2 finished alignment. Sorted BAM files can be found in:
/cta/users/hhakanoglu/amel_rnaseq_1001/bam/amelRNA_10_hybrid.bam
===============================================================================
Aligning reads to the indexed genome using HISAT2 and generating sorted BAM files using Samtools...
amelRNA_11_1.trimmed.fq.gz
amelRNA_11_2.trimmed.fq.gz
===============================================================================
Time loading forward index: 00:00:01
Time loading reference: 00:00:00
Multiseed full-index search: 00:07:43
30573422 reads; of these:
  30573422 (100.00%) were paired; of these:
    4805916 (15.72%) aligned concordantly 0 times
    25319222 (82.81%) aligned concordantly exactly 1 time
    448284 (1.47%) aligned concordantly >1 times
    ----
    4805916 pairs aligned concordantly 0 times; of these:
      275312 (5.73%) aligned discordantly 1 time
    ----
    4530604 pairs aligned 0 times concordantly or discordantly; of these:
      9061208 mates make up the pairs; of these:
        7331023 (80.91%) aligned 0 times
        1671759 (18.45%) aligned exactly 1 time
        58426 (0.64%) aligned >1 times
88.01% overall alignment rate
Time searching: 00:07:43
Overall time: 00:07:44
[bam_sort_core] merging from 20 files and 20 in-memory blocks...

HISAT2 finished alignment. Return code is 0
-------------------------------------------
HISAT2 finished alignment. Sorted BAM files can be found in:
/cta/users/hhakanoglu/amel_rnaseq_1001/bam/amelRNA_11_hybrid.bam
===============================================================================
Aligning reads to the indexed genome using HISAT2 and generating sorted BAM files using Samtools...
amelRNA_12_1.trimmed.fq.gz
amelRNA_12_2.trimmed.fq.gz
===============================================================================
Time loading forward index: 00:00:00
Time loading reference: 00:00:00
Multiseed full-index search: 00:08:45
32571115 reads; of these:
  32571115 (100.00%) were paired; of these:
    3250273 (9.98%) aligned concordantly 0 times
    28939493 (88.85%) aligned concordantly exactly 1 time
    381349 (1.17%) aligned concordantly >1 times
    ----
    3250273 pairs aligned concordantly 0 times; of these:
      405557 (12.48%) aligned discordantly 1 time
    ----
    2844716 pairs aligned 0 times concordantly or discordantly; of these:
      5689432 mates make up the pairs; of these:
        3959259 (69.59%) aligned 0 times
        1671312 (29.38%) aligned exactly 1 time
        58861 (1.03%) aligned >1 times
93.92% overall alignment rate
Time searching: 00:08:45
Overall time: 00:08:45
[bam_sort_core] merging from 20 files and 20 in-memory blocks...

HISAT2 finished alignment. Return code is 0
-------------------------------------------
HISAT2 finished alignment. Sorted BAM files can be found in:
/cta/users/hhakanoglu/amel_rnaseq_1001/bam/amelRNA_12_hybrid.bam
===============================================================================
Aligning reads to the indexed genome using HISAT2 and generating sorted BAM files using Samtools...
amelRNA_13_1.trimmed.fq.gz
amelRNA_13_2.trimmed.fq.gz
===============================================================================
Time loading forward index: 00:00:00
Time loading reference: 00:00:00
Multiseed full-index search: 00:07:56
31652897 reads; of these:
  31652897 (100.00%) were paired; of these:
    2896543 (9.15%) aligned concordantly 0 times
    28288823 (89.37%) aligned concordantly exactly 1 time
    467531 (1.48%) aligned concordantly >1 times
    ----
    2896543 pairs aligned concordantly 0 times; of these:
      266376 (9.20%) aligned discordantly 1 time
    ----
    2630167 pairs aligned 0 times concordantly or discordantly; of these:
      5260334 mates make up the pairs; of these:
        3474147 (66.04%) aligned 0 times
        1716597 (32.63%) aligned exactly 1 time
        69590 (1.32%) aligned >1 times
94.51% overall alignment rate
Time searching: 00:07:56
Overall time: 00:07:56
[bam_sort_core] merging from 20 files and 20 in-memory blocks...

HISAT2 finished alignment. Return code is 0
-------------------------------------------
HISAT2 finished alignment. Sorted BAM files can be found in:
/cta/users/hhakanoglu/amel_rnaseq_1001/bam/amelRNA_13_hybrid.bam
===============================================================================
Aligning reads to the indexed genome using HISAT2 and generating sorted BAM files using Samtools...
amelRNA_14_1.trimmed.fq.gz
amelRNA_14_2.trimmed.fq.gz
===============================================================================
Time loading forward index: 00:00:00
Time loading reference: 00:00:00
Multiseed full-index search: 00:07:30
29628405 reads; of these:
  29628405 (100.00%) were paired; of these:
    3313067 (11.18%) aligned concordantly 0 times
    25693821 (86.72%) aligned concordantly exactly 1 time
    621517 (2.10%) aligned concordantly >1 times
    ----
    3313067 pairs aligned concordantly 0 times; of these:
      387492 (11.70%) aligned discordantly 1 time
    ----
    2925575 pairs aligned 0 times concordantly or discordantly; of these:
      5851150 mates make up the pairs; of these:
        3938201 (67.31%) aligned 0 times
        1835352 (31.37%) aligned exactly 1 time
        77597 (1.33%) aligned >1 times
93.35% overall alignment rate
Time searching: 00:07:30
Overall time: 00:07:30
[bam_sort_core] merging from 20 files and 20 in-memory blocks...

HISAT2 finished alignment. Return code is 0
-------------------------------------------
HISAT2 finished alignment. Sorted BAM files can be found in:
/cta/users/hhakanoglu/amel_rnaseq_1001/bam/amelRNA_14_hybrid.bam
===============================================================================
Aligning reads to the indexed genome using HISAT2 and generating sorted BAM files using Samtools...
amelRNA_15_1.trimmed.fq.gz
amelRNA_15_2.trimmed.fq.gz
===============================================================================
Time loading forward index: 00:00:00
Time loading reference: 00:00:00
Multiseed full-index search: 00:08:41
31708754 reads; of these:
  31708754 (100.00%) were paired; of these:
    3412578 (10.76%) aligned concordantly 0 times
    27764888 (87.56%) aligned concordantly exactly 1 time
    531288 (1.68%) aligned concordantly >1 times
    ----
    3412578 pairs aligned concordantly 0 times; of these:
      396345 (11.61%) aligned discordantly 1 time
    ----
    3016233 pairs aligned 0 times concordantly or discordantly; of these:
      6032466 mates make up the pairs; of these:
        4111264 (68.15%) aligned 0 times
        1853281 (30.72%) aligned exactly 1 time
        67921 (1.13%) aligned >1 times
93.52% overall alignment rate
Time searching: 00:08:41
Overall time: 00:08:41
[bam_sort_core] merging from 20 files and 20 in-memory blocks...

HISAT2 finished alignment. Return code is 0
-------------------------------------------
HISAT2 finished alignment. Sorted BAM files can be found in:
/cta/users/hhakanoglu/amel_rnaseq_1001/bam/amelRNA_15_hybrid.bam
===============================================================================
Aligning reads to the indexed genome using HISAT2 and generating sorted BAM files using Samtools...
amelRNA_16_1.trimmed.fq.gz
amelRNA_16_2.trimmed.fq.gz
===============================================================================
Time loading forward index: 00:00:01
Time loading reference: 00:00:00
Multiseed full-index search: 00:07:33
29853017 reads; of these:
  29853017 (100.00%) were paired; of these:
    3977268 (13.32%) aligned concordantly 0 times
    25344208 (84.90%) aligned concordantly exactly 1 time
    531541 (1.78%) aligned concordantly >1 times
    ----
    3977268 pairs aligned concordantly 0 times; of these:
      350158 (8.80%) aligned discordantly 1 time
    ----
    3627110 pairs aligned 0 times concordantly or discordantly; of these:
      7254220 mates make up the pairs; of these:
        5589889 (77.06%) aligned 0 times
        1603781 (22.11%) aligned exactly 1 time
        60550 (0.83%) aligned >1 times
90.64% overall alignment rate
Time searching: 00:07:33
Overall time: 00:07:34
[bam_sort_core] merging from 20 files and 20 in-memory blocks...

HISAT2 finished alignment. Return code is 0
-------------------------------------------
HISAT2 finished alignment. Sorted BAM files can be found in:
/cta/users/hhakanoglu/amel_rnaseq_1001/bam/amelRNA_16_hybrid.bam
===============================================================================
Aligning reads to the indexed genome using HISAT2 and generating sorted BAM files using Samtools...
amelRNA_18_1.trimmed.fq.gz
amelRNA_18_2.trimmed.fq.gz
===============================================================================
Time loading forward index: 00:00:00
Time loading reference: 00:00:00
Multiseed full-index search: 00:08:00
31176380 reads; of these:
  31176380 (100.00%) were paired; of these:
    2909681 (9.33%) aligned concordantly 0 times
    27650410 (88.69%) aligned concordantly exactly 1 time
    616289 (1.98%) aligned concordantly >1 times
    ----
    2909681 pairs aligned concordantly 0 times; of these:
      313336 (10.77%) aligned discordantly 1 time
    ----
    2596345 pairs aligned 0 times concordantly or discordantly; of these:
      5192690 mates make up the pairs; of these:
        3422729 (65.91%) aligned 0 times
        1698229 (32.70%) aligned exactly 1 time
        71732 (1.38%) aligned >1 times
94.51% overall alignment rate
Time searching: 00:08:00
Overall time: 00:08:00
[bam_sort_core] merging from 20 files and 20 in-memory blocks...

HISAT2 finished alignment. Return code is 0
-------------------------------------------
HISAT2 finished alignment. Sorted BAM files can be found in:
/cta/users/hhakanoglu/amel_rnaseq_1001/bam/amelRNA_18_hybrid.bam
===============================================================================
Aligning reads to the indexed genome using HISAT2 and generating sorted BAM files using Samtools...
amelRNA_19_1.trimmed.fq.gz
amelRNA_19_2.trimmed.fq.gz
===============================================================================
Time loading forward index: 00:00:00
Time loading reference: 00:00:00
Multiseed full-index search: 00:07:42
30699600 reads; of these:
  30699600 (100.00%) were paired; of these:
    3247856 (10.58%) aligned concordantly 0 times
    26890929 (87.59%) aligned concordantly exactly 1 time
    560815 (1.83%) aligned concordantly >1 times
    ----
    3247856 pairs aligned concordantly 0 times; of these:
      389719 (12.00%) aligned discordantly 1 time
    ----
    2858137 pairs aligned 0 times concordantly or discordantly; of these:
      5716274 mates make up the pairs; of these:
        3952535 (69.15%) aligned 0 times
        1690236 (29.57%) aligned exactly 1 time
        73503 (1.29%) aligned >1 times
93.56% overall alignment rate
Time searching: 00:07:42
Overall time: 00:07:42
[bam_sort_core] merging from 20 files and 20 in-memory blocks...

HISAT2 finished alignment. Return code is 0
-------------------------------------------
HISAT2 finished alignment. Sorted BAM files can be found in:
/cta/users/hhakanoglu/amel_rnaseq_1001/bam/amelRNA_19_hybrid.bam
===============================================================================
